2017-02-21 22:08:50 [scrapy] DEBUG: Crawled (200) <GET http://careerssearch.bbc.co.uk/jobs/job/BBC-Software-Engineering-Graduate-Trainee-Scheme/18363> (referer: None) ['cached']
2017-02-21 22:08:51 [scrapy] DEBUG: Scraped from <200 http://careerssearch.bbc.co.uk/jobs/job/BBC-Software-Engineering-Graduate-Trainee-Scheme/18363>
{'content': [u'Save',
             u'About the scheme',
             u'To get the most from your career you need the very best opportunities and the BBC Software Engineering Trainee Scheme offers just that. This popular scheme, now in itssixth successful year, offers the unique chance do something genuinely special  making things that are enjoyed by millions. Almost everyone in the UK spends time with BBC content each week and it feels great to be part of something that reaches so many people.',
             u"Our two-year scheme enables you to experience four different areas of BBC Design & Engineering, working on any of ourdynamic products and services, so you can be confident of finding something that fits you perfectly. During your four 6-month rotations you will become experienced in many different languages and methodologies, getting the chance to work on a variety of platforms, from an iOS app to developing scalable code on Amazon Web Services. You'll also receive lots of relevant training from our award-winning in-house training facility and be working alongside some of the industrys best senior developers and product specialists in a positive, friendly environment.",
             u'Whats on offer',
             u'  a starting salary of 22,489 (MediaCityUK Manchester) and 27,049 (London), with an increase in your second year',
             u'  a comprehensive training programme covering many technologies and agile team skills',
             u"  experience of working on some of the world's best software applications in an exciting environment",
             u'  attendance at industry and academic events  all whilst learning how we make the best television and radio programmes in the world',
             u'  25 days holiday per year',
             u'  eligibility to join the BBC pension scheme, employee discount scheme, cycle-to-work scheme and travel season ticket scheme',
             u"Places are available in MediaCityUK Manchester and London. You will be asked to state your preferred location on your application. If you don't state a preferred location we may invite you to any location for your assessment.",
             u'About BBC Design & Engineering',
             u"We deliver products, platforms and services globally, supporting the BBC's digital transformation and helping to change the BBC into an internet fit broadcaster. Our software engineers are at the very heart of this transformation and as a Software Engineering graduate you will work on our most innovative and popular digital products, including BBC News and Sport apps and of course BBC iPlayer, our pioneering on-demand service. You will learn and use a vast array of technologies, including:",
             u'At the BBC we view equality and diversity as a creative opportunity to embrace, respond to and be relevant to the totality of the UKs audiences. Our culture values individuals and embraces diversity.',
             u'BBC graduate schemes have been voted 10th in ',
             u'The Times Top 100 Graduate Employers',
             u', the definitive annual guide to Britains most sought-after and prestigious graduate employers. Thank you for voting for us!',
             u'\r\n                    ',
             u' \r\n                    ',
             u'\r\n                        Directions to                    ',
             u'\r\n                ',
             u'\r\n        ',
             u'Your name',
             u' \r\n        ',
             u'\r\n    ',
             u'\r\n        ',
             u'Your email address',
             u' \r\n        ',
             u'\r\n    ',
             u'\r\n        ',
             u'Receiver name',
             u'\r\n        ',
             u'\r\n    ',
             u'\r\n        ',
             u"Your friend's email address",
             u'\r\n        ',
             u'\r\n    ',
             u'\r\n        ',
             u'Send ',
             u'\r\n    ',
             u'\r\n                    ',
             u'\r\n                    London, Cardiff, Belfast, Salford, Glasgow, United Kingdom\r\n                ',
             u'\r\n                    ',
             u'\r\n                    Schemes\r\n                ',
             u'\r\n                    ',
             u'\r\n                    London or Salford , United Kingdom\r\n                ',
             u'\r\n                    ',
             u'\r\n                    Permanent \u2013 Full Time\r\n                ',
             u'\r\n                    ',
             u'\r\n                    London, Cardiff, Belfast, Salford, Glasgow, Jersey, Norwich, United Kingdom\r\n                ',
             u'\r\n                    ',
             u'\r\n                    Fixed Term \u2013 Full Time\r\n                ',
             u'\r\n                    ',
             u'\r\n                    London, United Kingdom\r\n                ',
             u'\r\n                    ',
             u'\r\n                    Fixed Term \u2013 Full Time\r\n                ',
             u'\r\n                    ',
             u"\r\n                    London \u2013 although some travel to the BBC's National or Regional offices may be required., United Kingdom\r\n                ",
             u'\r\n                    ',
             u'\r\n                    Fixed Term \u2013 Full Time\r\n                ',
             u'\r\n                    ',
             u'\r\n                    London, United Kingdom\r\n                ',
             u'\r\n                    ',
             u'\r\n                    D&E: Platform - myBBC\r\n                 ',
             u'\r\n                    ',
             u'\r\n                    Permanent \u2013 Full Time\r\n                ',
             u'\r\n                    ',
             u'\r\n                    Salford Quays, United Kingdom\r\n                ',
             u'\r\n                    ',
             u'\r\n                    D&E: Infrastructure, Services, Operations & Commercial\r\n                 ',
             u'\r\n                    ',
             u'\r\n                    Permanent \u2013 Full Time\r\n                ',
             u'\r\n                    ',
             u'\r\n                    London, United Kingdom\r\n                ',
             u'\r\n                    ',
             u'\r\n                    D&E: Platform - myBBC\r\n                 ',
             u'\r\n                    ',
             u'\r\n                    Permanent \u2013 Full Time\r\n                ',
             u'\r\n                    ',
             u'\r\n                    Salford, United Kingdom\r\n                ',
             u'\r\n                    ',
             u'\r\n                    DDG: Design & Engineering\r\n                 ',
             u'\r\n                    ',
             u'\r\n                    Permanent \u2013 Full Time\r\n                ',
             u'\r\n                    ',
             u'\r\n                    London, United Kingdom\r\n                ',
             u'\r\n                    ',
             u'\r\n                    DDG: Design & Engineering\r\n                 ',
             u'\r\n                    ',
             u'\r\n                    Permanent \u2013 Full Time\r\n                ',
             u'This website is using cookies to improve your browsing experience. If you navigate to another page without changing the settings below you consent to this.            ',
             u'Read more about cookies.',
             u'\r\n            ',
             u'\r\n                Powered by ',
             u'TribePad Applicant Tracking Software',
             u'  \r\n            '],
 'url': 'http://careerssearch.bbc.co.uk/jobs/job/BBC-Software-Engineering-Graduate-Trainee-Scheme/18363'}
2017-02-21 22:08:51 [scrapy] INFO: Closing spider (finished)
2017-02-21 22:08:51 [scrapy] INFO: Dumping Scrapy stats:
{'downloader/request_bytes': 284,
 'downloader/request_count': 1,
 'downloader/request_method_count/GET': 1,
 'downloader/response_bytes': 13407,
 'downloader/response_count': 1,
 'downloader/response_status_count/200': 1,
 'finish_reason': 'finished',
 'finish_time': datetime.datetime(2017, 2, 21, 22, 8, 51, 52369),
 'httpcache/hit': 1,
 'item_scraped_count': 1,
 'log_count/DEBUG': 3,
 'log_count/ERROR': 2,
 'log_count/INFO': 6,
 'log_count/WARNING': 2,
 'response_received_count': 1,
 'scheduler/dequeued': 1,
 'scheduler/dequeued/memory': 1,
 'scheduler/enqueued': 1,
 'scheduler/enqueued/memory': 1,
 'start_time': datetime.datetime(2017, 2, 21, 22, 8, 50, 766881)}
2017-02-21 22:08:51 [scrapy] INFO: Spider closed (finished)
