2017-02-21 21:56:36 [scrapy] DEBUG: Crawled (200) <GET http://careerssearch.bbc.co.uk/jobs/job/BBC-Software-Engineering-Graduate-Trainee-Scheme/18363> (referer: None)
2017-02-21 21:56:36 [scrapy] ERROR: Spider error processing <GET http://careerssearch.bbc.co.uk/jobs/job/BBC-Software-Engineering-Graduate-Trainee-Scheme/18363> (referer: None)
Traceback (most recent call last):
  File "/Users/tai_o/anaconda2/lib/python2.7/site-packages/twisted/internet/defer.py", line 588, in _runCallbacks
    current.result = callback(current.result, *args, **kw)
  File "/Users/tai_o/Desktop/webscraper/webscraper/spiders/amazing.py", line 19, in parse_item
    item = ScrapedItem()
NameError: global name 'ScrapedItem' is not defined
2017-02-21 21:56:36 [scrapy] INFO: Closing spider (finished)
2017-02-21 21:56:36 [scrapy] INFO: Dumping Scrapy stats:
{'downloader/request_bytes': 284,
 'downloader/request_count': 1,
 'downloader/request_method_count/GET': 1,
 'downloader/response_bytes': 13865,
 'downloader/response_count': 1,
 'downloader/response_status_count/200': 1,
 'finish_reason': 'finished',
 'finish_time': datetime.datetime(2017, 2, 21, 21, 56, 36, 908513),
 'httpcache/firsthand': 1,
 'httpcache/miss': 1,
 'httpcache/store': 1,
 'log_count/DEBUG': 2,
 'log_count/ERROR': 3,
 'log_count/INFO': 6,
 'log_count/WARNING': 2,
 'response_received_count': 1,
 'scheduler/dequeued': 1,
 'scheduler/dequeued/memory': 1,
 'scheduler/enqueued': 1,
 'scheduler/enqueued/memory': 1,
 'spider_exceptions/NameError': 1,
 'start_time': datetime.datetime(2017, 2, 21, 21, 56, 36, 35134)}
2017-02-21 21:56:36 [scrapy] INFO: Spider closed (finished)
